Failed to find registry key: 'Software\University of Illinois\VMD2'.
Info) VMD for WIN64, version 2.0.0a7 (August 1, 2025)
Info) http://www.ks.uiuc.edu/Research/vmd/                         
Info) Email questions and bug reports to vmd@ks.uiuc.edu           
Info) Please include this reference in published work using VMD:   
Info)    Humphrey, W., Dalke, A. and Schulten, K., `VMD - Visual   
Info)    Molecular Dynamics', J. Molec. Graphics 1996, 14.1, 33-38.
Info) -------------------------------------------------------------
Info) Multithreading available, 32 CPUs, ISA dispatch enabled.
Info)   CPU features: SSE2 SSE4.1 AVX AVX2 FMA F16 AVX512F AVX512CD HT 
Info)   Detected VM or hypervisor execution environment
Info) Free system memory: 15GB (46%)
Warning) Detected a mismatch between CUDA runtime and GPU driver
Warning) Check to make sure that GPU drivers are up to date.
Info) No CUDA accelerator devices available.
Info) No joysticks found.  Joystick interface disabled.
Info) Dynamically loaded 76 plugins in directory:
Info) D:/software/VMD2/plugins/WIN64/molfile
ERROR) Duplicate resname "4YS"
ERROR) Duplicate resname "YGA"
C:/TRKB_WP2/ligand_bound_MD/pilot_build/2.3_40chol/outputs/TRKB_40chol_L006_2.3_bound.psf
C:/TRKB_WP2/ligand_bound_MD/pilot_build/2.3_40chol/outputs/TRKB_40chol_L006_2.3_bound.pdb
C:/TRKB_WP2/ligand_bound_MD/pilot_build/2.3_40chol/outputs/TRKB_40chol_L006_2.3_bound_cleaned.psf
C:/TRKB_WP2/ligand_bound_MD/pilot_build/2.3_40chol/outputs/TRKB_40chol_L006_2.3_bound_cleaned.pdb
Info) Using plugin psf for structure file C:/TRKB_WP2/ligand_bound_MD/pilot_build/2.3_40chol/outputs/TRKB_40chol_L006_2.3_bound.psf
Info) Analyzing structure ...
Info)    Atoms: 51026
Info)    Bonds: 51069
Info)    Angles: 47993  Dihedrals: 54712  Impropers: 411  Cross-terms: 86
Info)    Bondtypes: 0  Angletypes: 0  Dihedraltypes: 0  Impropertypes: 0
Info)    Residues: 10936
Info)    Waters: 10621
Info)    Segments: 6
Info)    Fragments: 10848   Protein: 2   Nucleic: 0
ERROR) Residue name "CHL1" not found in glycan file.
ERROR) Residue name "CHL1" not found in glycan file.
ERROR) Residue name "CHL1" not found in glycan file.
ERROR) Residue name "CHL1" not found in glycan file.
ERROR) Residue name "CHL1" not found in glycan file.
ERROR) Residue name "CHL1" not found in glycan file.
ERROR) Residue name "CHL1" not found in glycan file.
ERROR) Residue name "CHL1" not found in glycan file.
ERROR) Residue name "CHL1" not found in glycan file.
ERROR) Residue name "CHL1" not found in glycan file.
ERROR) Residue name "CHL1" not found in glycan file.
ERROR) Residue name "CHL1" not found in glycan file.
ERROR) Residue name "CHL1" not found in glycan file.
ERROR) Residue name "CHL1" not found in glycan file.
ERROR) Residue name "CHL1" not found in glycan file.
ERROR) Residue name "CHL1" not found in glycan file.
ERROR) Residue name "CHL1" not found in glycan file.
ERROR) Residue name "CHL1" not found in glycan file.
ERROR) Residue name "CHL1" not found in glycan file.
ERROR) Residue name "CHL1" not found in glycan file.
ERROR) Residue name "CHL1" not found in glycan file.
ERROR) Residue name "CHL1" not found in glycan file.
ERROR) Residue name "CHL1" not found in glycan file.
ERROR) Residue name "CHL1" not found in glycan file.
ERROR) Residue name "CHL1" not found in glycan file.
ERROR) Residue name "CHL1" not found in glycan file.
ERROR) Residue name "CHL1" not found in glycan file.
ERROR) Residue name "CHL1" not found in glycan file.
ERROR) Residue name "CHL1" not found in glycan file.
ERROR) Residue name "CHL1" not found in glycan file.
ERROR) Residue name "CHL1" not found in glycan file.
ERROR) Residue name "CHL1" not found in glycan file.
ERROR) Residue name "CHL1" not found in glycan file.
ERROR) Residue name "CHL1" not found in glycan file.
ERROR) Residue name "CHL1" not found in glycan file.
ERROR) Residue name "CHL1" not found in glycan file.
ERROR) Residue name "CHL1" not found in glycan file.
ERROR) Residue name "CHL1" not found in glycan file.
ERROR) Residue name "CHL1" not found in glycan file.
ERROR) Residue name "CHL1" not found in glycan file.
ERROR) Residue name "CHL1" not found in glycan file.
ERROR) Residue name "CHL1" not found in glycan file.
ERROR) Residue name "CHL1" not found in glycan file.
ERROR) Residue name "CHL1" not found in glycan file.
ERROR) Residue name "CHL1" not found in glycan file.
ERROR) Residue name "CHL1" not found in glycan file.
ERROR) Residue name "CHL1" not found in glycan file.
ERROR) Residue name "CHL1" not found in glycan file.
ERROR) Residue name "CHL1" not found in glycan file.
ERROR) Residue name "CHL1" not found in glycan file.
ERROR) Residue name "CHL1" not found in glycan file.
ERROR) Residue name "CHL1" not found in glycan file.
ERROR) Residue name "CHL1" not found in glycan file.
ERROR) Residue name "CHL1" not found in glycan file.
ERROR) Residue name "CHL1" not found in glycan file.
ERROR) Residue name "CHL1" not found in glycan file.
ERROR) Residue name "CHL1" not found in glycan file.
ERROR) Residue name "CHL1" not found in glycan file.
ERROR) Residue name "CHL1" not found in glycan file.
ERROR) Residue name "CHL1" not found in glycan file.
ERROR) Residue name "CHL1" not found in glycan file.
ERROR) Residue name "CHL1" not found in glycan file.
ERROR) Residue name "CHL1" not found in glycan file.
ERROR) Residue name "CHL1" not found in glycan file.
ERROR) Residue name "CHL1" not found in glycan file.
ERROR) Residue name "CHL1" not found in glycan file.
ERROR) Residue name "CHL1" not found in glycan file.
ERROR) Residue name "CHL1" not found in glycan file.
ERROR) Residue name "CHL1" not found in glycan file.
ERROR) Residue name "CHL1" not found in glycan file.
ERROR) Residue name "CHL1" not found in glycan file.
ERROR) Residue name "CHL1" not found in glycan file.
ERROR) Residue name "CHL1" not found in glycan file.
ERROR) Residue name "CHL1" not found in glycan file.
ERROR) Residue name "CHL1" not found in glycan file.
ERROR) Residue name "CHL1" not found in glycan file.
ERROR) Residue name "CHL1" not found in glycan file.
ERROR) Residue name "CHL1" not found in glycan file.
ERROR) Residue name "CHL1" not found in glycan file.
ERROR) Residue name "CHL1" not found in glycan file.
ERROR) Residue name "CHL1" not found in glycan file.
ERROR) Residue name "CHL1" not found in glycan file.
ERROR) Residue name "CHL1" not found in glycan file.
ERROR) Residue name "CHL1" not found in glycan file.
ERROR) Residue name "CHL1" not found in glycan file.
ERROR) Residue name "CHL1" not found in glycan file.
ERROR) Residue name "CHL1" not found in glycan file.
ERROR) Residue name "CHL1" not found in glycan file.
ERROR) Residue name "CHL1" not found in glycan file.
ERROR) Residue name "CHL1" not found in glycan file.
ERROR) Residue name "CHL1" not found in glycan file.
ERROR) Residue name "CHL1" not found in glycan file.
ERROR) Residue name "CHL1" not found in glycan file.
ERROR) Residue name "CHL1" not found in glycan file.
ERROR) Residue name "CHL1" not found in glycan file.
ERROR) Residue name "CHL1" not found in glycan file.
ERROR) Residue name "CHL1" not found in glycan file.
ERROR) Residue name "CHL1" not found in glycan file.
ERROR) Residue name "CHL1" not found in glycan file.
ERROR) Residue name "CHL1" not found in glycan file.
ERROR) Residue name "CHL1" not found in glycan file.
ERROR) Residue name "CHL1" not found in glycan file.
ERROR) Residue name "CHL1" not found in glycan file.
ERROR) Residue name "CHL1" not found in glycan file.
ERROR) Residue name "CHL1" not found in glycan file.
ERROR) Residue name "CHL1" not found in glycan file.
ERROR) Residue name "CHL1" not found in glycan file.
ERROR) Residue name "CHL1" not found in glycan file.
ERROR) Residue name "CHL1" not found in glycan file.
ERROR) Residue name "CHL1" not found in glycan file.
ERROR) Residue name "CHL1" not found in glycan file.
ERROR) Residue name "CHL1" not found in glycan file.
ERROR) Residue name "CHL1" not found in glycan file.
ERROR) Residue name "CHL1" not found in glycan file.
ERROR) Residue name "CHL1" not found in glycan file.
ERROR) Residue name "CHL1" not found in glycan file.
ERROR) Residue name "CHL1" not found in glycan file.
ERROR) Residue name "CHL1" not found in glycan file.
ERROR) Residue name "CHL1" not found in glycan file.
ERROR) Residue name "CHL1" not found in glycan file.
ERROR) Residue name "CHL1" not found in glycan file.
ERROR) Residue name "CHL1" not found in glycan file.
ERROR) Residue name "CHL1" not found in glycan file.
ERROR) Residue name "CHL1" not found in glycan file.
ERROR) Residue name "CHL1" not found in glycan file.
ERROR) Residue name "CHL1" not found in glycan file.
ERROR) Residue name "CHL1" not found in glycan file.
ERROR) Residue name "CHL1" not found in glycan file.
ERROR) Residue name "CHL1" not found in glycan file.
ERROR) Residue name "CHL1" not found in glycan file.
ERROR) Residue name "CHL1" not found in glycan file.
ERROR) Residue name "CHL1" not found in glycan file.
ERROR) Residue name "CHL1" not found in glycan file.
ERROR) Residue name "CHL1" not found in glycan file.
ERROR) Residue name "CHL1" not found in glycan file.
ERROR) Residue name "CHL1" not found in glycan file.
ERROR) Residue name "CHL1" not found in glycan file.
ERROR) Residue name "CHL1" not found in glycan file.
ERROR) Residue name "CHL1" not found in glycan file.
ERROR) Residue name "CHL1" not found in glycan file.
ERROR) Residue name "CHL1" not found in glycan file.
ERROR) Residue name "CHL1" not found in glycan file.
ERROR) Residue name "CHL1" not found in glycan file.
ERROR) Residue name "CHL1" not found in glycan file.
ERROR) Residue name "CHL1" not found in glycan file.
ERROR) Residue name "CHL1" not found in glycan file.
ERROR) Residue name "CHL1" not found in glycan file.
ERROR) Residue name "CHL1" not found in glycan file.
ERROR) Residue name "CHL1" not found in glycan file.
ERROR) Residue name "CHL1" not found in glycan file.
ERROR) Residue name "CHL1" not found in glycan file.
ERROR) Residue name "CHL1" not found in glycan file.
ERROR) Residue name "CHL1" not found in glycan file.
ERROR) Residue name "CHL1" not found in glycan file.
ERROR) Residue name "CHL1" not found in glycan file.
ERROR) Residue name "CHL1" not found in glycan file.
ERROR) Residue name "CHL1" not found in glycan file.
ERROR) Residue name "CHL1" not found in glycan file.
ERROR) Residue name "CHL1" not found in glycan file.
ERROR) Residue name "CHL1" not found in glycan file.
ERROR) Residue name "CHL1" not found in glycan file.
ERROR) Residue name "CHL1" not found in glycan file.
ERROR) Residue name "CHL1" not found in glycan file.
ERROR) Residue name "CHL1" not found in glycan file.
ERROR) Residue name "CHL1" not found in glycan file.
ERROR) Residue name "CHL1" not found in glycan file.
ERROR) Residue name "CHL1" not found in glycan file.
ERROR) Residue name "CHL1" not found in glycan file.
ERROR) Residue name "CHL1" not found in glycan file.
ERROR) Residue name "CHL1" not found in glycan file.
ERROR) Residue name "CHL1" not found in glycan file.
ERROR) Residue name "CHL1" not found in glycan file.
ERROR) Residue name "CHL1" not found in glycan file.
ERROR) Residue name "CHL1" not found in glycan file.
ERROR) Residue name "CHL1" not found in glycan file.
ERROR) Residue name "CHL1" not found in glycan file.
ERROR) Residue name "CHL1" not found in glycan file.
ERROR) Residue name "CHL1" not found in glycan file.
ERROR) Residue name "CHL1" not found in glycan file.
ERROR) Residue name "CHL1" not found in glycan file.
ERROR) Residue name "CHL1" not found in glycan file.
ERROR) Residue name "CHL1" not found in glycan file.
ERROR) Residue name "CHL1" not found in glycan file.
ERROR) Residue name "CHL1" not found in glycan file.
ERROR) Residue name "CHL1" not found in glycan file.
ERROR) Residue name "CHL1" not found in glycan file.
ERROR) Residue name "CHL1" not found in glycan file.
ERROR) Residue name "CHL1" not found in glycan file.
ERROR) Residue name "CHL1" not found in glycan file.
ERROR) Residue name "CHL1" not found in glycan file.
ERROR) Residue name "CHL1" not found in glycan file.
ERROR) Residue name "CHL1" not found in glycan file.
ERROR) Residue name "L006" not found in glycan file.
ERROR) Residue name "L006" not found in glycan file.
0
Info) Using plugin pdb for coordinates from file C:/TRKB_WP2/ligand_bound_MD/pilot_build/2.3_40chol/outputs/TRKB_40chol_L006_2.3_bound.pdb
Info) Finished with coordinate file C:/TRKB_WP2/ligand_bound_MD/pilot_build/2.3_40chol/outputs/TRKB_40chol_L006_2.3_bound.pdb.
0
atomselect0
Info) Opened coordinate file C:/TRKB_WP2/ligand_bound_MD/pilot_build/2.3_40chol/outputs/TRKB_40chol_L006_2.3_bound_cleaned.psf for writing.
Info) Finished with coordinate file C:/TRKB_WP2/ligand_bound_MD/pilot_build/2.3_40chol/outputs/TRKB_40chol_L006_2.3_bound_cleaned.psf.
Info) Opened coordinate file C:/TRKB_WP2/ligand_bound_MD/pilot_build/2.3_40chol/outputs/TRKB_40chol_L006_2.3_bound_cleaned.pdb for writing.
Info) Finished with coordinate file C:/TRKB_WP2/ligand_bound_MD/pilot_build/2.3_40chol/outputs/TRKB_40chol_L006_2.3_bound_cleaned.pdb.
Info) VMD for WIN64, version 2.0.0a7 (August 1, 2025)
Info) Exiting normally.
vmd > psfplugin) Detected a Charmm PSF file
psfplugin) Detected a Charmm PSF EXTEnded file
psfplugin) Structure requires EXTended PSF format
psfplugin) Writing angles/dihedrals/impropers...
