C:\Users\14566\miniconda3\envs\trkb_openmm\lib\site-packages\openmm\app\charmmparameterset.py:389: UserWarning: Replacing dihedral <DihedralType: k=0.2; phase=0.0; per=3> with <DihedralType: k=0.195; phase=0.0; per=3>
  warnings.warn('Replacing dihedral %r with %r' %
C:\Users\14566\miniconda3\envs\trkb_openmm\lib\site-packages\openmm\app\charmmparameterset.py:389: UserWarning: Replacing dihedral <DihedralType: k=0.2; phase=0.0; per=1> with <DihedralType: k=0.195; phase=0.0; per=1>
  warnings.warn('Replacing dihedral %r with %r' %
10 ps R2 restrained MD pilot for 14.2 / L002 / 40chol
This is not production MD. No CUDA will be used.
Input PSF: C:\TRKB_WP2\ligand_bound_MD\pilot_build\14.2_40chol\outputs\TRKB_40chol_L002_14.2_bound_cleaned.psf
Input PDB: C:\TRKB_WP2\ligand_bound_MD\pilot_build\14.2_40chol\outputs\TRKB_40chol_L002_14.2_R2_minimized.pdb
GRO box: C:\TRKB_WP2\TRKB_40CHOL\gromacs\step5_input.gro
Toppar dir: C:\TRKB_WP2\TRKB_40CHOL\toppar
Ligand str: C:\TRKB_WP2\ligand_bound_MD\cgenff_parameterization\returned_str\L002_14.2.str
OpenMM version: 8.5.1.dev-f7fa0c2
Available OpenMM platforms:
- Reference
- CPU
- OpenCL
Selected OpenMM platform: OpenCL
R2 PBC-aware restraint expression: 0.5*k*periodicdistance(x,y,z,x0,y0,z0)^2
R2 restraint counts:
- protein_backbone: 362
- ligand_heavy: 21
- lipid_cholesterol_heavy: 6732
- total: 7115
step 0 time 0 ps stage initial_50K temp 50.216 K PE -615276 TYR/VAL/SER 3.607/3.692/5.123 A chains 2 RMSD 0.000 A severe/close 0/0 status ok
Starting stage 50K_2ps: 50.0 K for 4000 steps
step 100 time 0.05 ps stage 50K_2ps temp 34.228 K PE -600344 TYR/VAL/SER 3.563/3.708/5.190 A chains 2 RMSD 0.086 A severe/close 0/0 status ok
step 200 time 0.1 ps stage 50K_2ps temp 39.796 K PE -597295 TYR/VAL/SER 3.498/3.714/5.263 A chains 2 RMSD 0.134 A severe/close 0/0 status ok
step 300 time 0.15 ps stage 50K_2ps temp 44.304 K PE -595652 TYR/VAL/SER 3.653/3.747/5.258 A chains 2 RMSD 0.148 A severe/close 0/0 status ok
step 400 time 0.2 ps stage 50K_2ps temp 46.420 K PE -594437 TYR/VAL/SER 3.651/3.731/5.205 A chains 2 RMSD 0.131 A severe/close 0/0 status ok
step 500 time 0.25 ps stage 50K_2ps temp 48.087 K PE -593899 TYR/VAL/SER 3.700/3.757/5.293 A chains 2 RMSD 0.107 A severe/close 0/0 status ok
step 600 time 0.3 ps stage 50K_2ps temp 48.844 K PE -593432 TYR/VAL/SER 3.611/3.691/5.286 A chains 2 RMSD 0.105 A severe/close 0/0 status ok
step 700 time 0.35 ps stage 50K_2ps temp 49.584 K PE -593239 TYR/VAL/SER 3.662/3.565/5.169 A chains 2 RMSD 0.102 A severe/close 0/0 status ok
step 800 time 0.4 ps stage 50K_2ps temp 49.426 K PE -593175 TYR/VAL/SER 3.632/3.578/5.126 A chains 2 RMSD 0.116 A severe/close 0/0 status ok
step 900 time 0.45 ps stage 50K_2ps temp 49.679 K PE -593015 TYR/VAL/SER 3.511/3.593/5.190 A chains 2 RMSD 0.139 A severe/close 0/0 status ok
step 1000 time 0.5 ps stage 50K_2ps temp 49.774 K PE -593053 TYR/VAL/SER 3.528/3.705/5.335 A chains 2 RMSD 0.150 A severe/close 0/0 status ok
step 1100 time 0.55 ps stage 50K_2ps temp 49.750 K PE -593118 TYR/VAL/SER 3.611/3.697/5.530 A chains 2 RMSD 0.154 A severe/close 0/0 status ok
step 1200 time 0.6 ps stage 50K_2ps temp 50.004 K PE -593132 TYR/VAL/SER 3.621/3.748/5.544 A chains 2 RMSD 0.178 A severe/close 0/0 status ok
step 1300 time 0.65 ps stage 50K_2ps temp 49.817 K PE -593138 TYR/VAL/SER 3.493/3.789/5.491 A chains 2 RMSD 0.206 A severe/close 0/0 status ok
step 1400 time 0.7 ps stage 50K_2ps temp 49.984 K PE -593168 TYR/VAL/SER 3.494/3.829/5.431 A chains 2 RMSD 0.240 A severe/close 0/0 status ok
step 1500 time 0.75 ps stage 50K_2ps temp 50.495 K PE -593161 TYR/VAL/SER 3.416/3.765/5.506 A chains 2 RMSD 0.258 A severe/close 0/0 status ok
step 1600 time 0.8 ps stage 50K_2ps temp 50.183 K PE -593282 TYR/VAL/SER 3.548/3.739/5.476 A chains 2 RMSD 0.264 A severe/close 0/0 status ok
step 1700 time 0.85 ps stage 50K_2ps temp 50.202 K PE -593222 TYR/VAL/SER 3.623/3.794/5.565 A chains 2 RMSD 0.279 A severe/close 0/0 status ok
step 1800 time 0.9 ps stage 50K_2ps temp 50.550 K PE -593355 TYR/VAL/SER 3.691/3.858/5.729 A chains 2 RMSD 0.285 A severe/close 0/0 status ok
step 1900 time 0.95 ps stage 50K_2ps temp 50.135 K PE -593368 TYR/VAL/SER 3.692/3.851/5.781 A chains 2 RMSD 0.297 A severe/close 0/0 status ok
step 2000 time 1 ps stage 50K_2ps temp 50.092 K PE -593535 TYR/VAL/SER 3.766/3.814/5.843 A chains 2 RMSD 0.299 A severe/close 0/0 status ok
step 2100 time 1.05 ps stage 50K_2ps temp 50.043 K PE -593534 TYR/VAL/SER 3.733/3.746/5.757 A chains 2 RMSD 0.277 A severe/close 0/0 status ok
step 2200 time 1.1 ps stage 50K_2ps temp 50.330 K PE -593537 TYR/VAL/SER 3.881/3.710/5.614 A chains 2 RMSD 0.252 A severe/close 0/0 status ok
step 2300 time 1.15 ps stage 50K_2ps temp 50.505 K PE -593740 TYR/VAL/SER 3.831/3.733/5.560 A chains 2 RMSD 0.250 A severe/close 0/0 status ok
step 2400 time 1.2 ps stage 50K_2ps temp 50.334 K PE -593798 TYR/VAL/SER 3.839/3.679/5.641 A chains 2 RMSD 0.253 A severe/close 0/0 status ok
step 2500 time 1.25 ps stage 50K_2ps temp 49.970 K PE -593820 TYR/VAL/SER 3.743/3.809/5.797 A chains 2 RMSD 0.260 A severe/close 0/0 status ok
step 2600 time 1.3 ps stage 50K_2ps temp 49.976 K PE -593739 TYR/VAL/SER 3.591/3.767/5.751 A chains 2 RMSD 0.264 A severe/close 0/0 status ok
step 2700 time 1.35 ps stage 50K_2ps temp 50.287 K PE -593976 TYR/VAL/SER 3.586/3.780/5.816 A chains 2 RMSD 0.268 A severe/close 0/0 status ok
step 2800 time 1.4 ps stage 50K_2ps temp 50.092 K PE -593996 TYR/VAL/SER 3.472/3.743/5.770 A chains 2 RMSD 0.260 A severe/close 0/0 status ok
step 2900 time 1.45 ps stage 50K_2ps temp 50.020 K PE -594178 TYR/VAL/SER 3.716/3.748/5.587 A chains 2 RMSD 0.253 A severe/close 0/0 status ok
step 3000 time 1.5 ps stage 50K_2ps temp 50.153 K PE -594172 TYR/VAL/SER 3.761/3.661/5.550 A chains 2 RMSD 0.263 A severe/close 0/0 status ok
step 3100 time 1.55 ps stage 50K_2ps temp 50.610 K PE -594346 TYR/VAL/SER 3.696/3.670/5.477 A chains 2 RMSD 0.278 A severe/close 0/0 status ok
step 3200 time 1.6 ps stage 50K_2ps temp 49.863 K PE -594357 TYR/VAL/SER 3.736/3.728/5.678 A chains 2 RMSD 0.299 A severe/close 0/0 status ok
step 3300 time 1.65 ps stage 50K_2ps temp 49.882 K PE -594271 TYR/VAL/SER 3.678/3.732/5.620 A chains 2 RMSD 0.307 A severe/close 0/0 status ok
step 3400 time 1.7 ps stage 50K_2ps temp 50.013 K PE -594300 TYR/VAL/SER 3.619/3.833/5.561 A chains 2 RMSD 0.291 A severe/close 0/0 status ok
step 3500 time 1.75 ps stage 50K_2ps temp 50.013 K PE -594263 TYR/VAL/SER 3.752/3.839/5.515 A chains 2 RMSD 0.267 A severe/close 0/0 status ok
step 3600 time 1.8 ps stage 50K_2ps temp 50.196 K PE -594409 TYR/VAL/SER 3.732/3.838/5.535 A chains 2 RMSD 0.276 A severe/close 0/0 status ok
step 3700 time 1.85 ps stage 50K_2ps temp 50.465 K PE -594435 TYR/VAL/SER 3.621/3.786/5.663 A chains 2 RMSD 0.281 A severe/close 0/0 status ok
step 3800 time 1.9 ps stage 50K_2ps temp 50.577 K PE -594524 TYR/VAL/SER 3.684/3.761/5.573 A chains 2 RMSD 0.261 A severe/close 0/0 status ok
step 3900 time 1.95 ps stage 50K_2ps temp 50.318 K PE -594443 TYR/VAL/SER 3.593/3.745/5.523 A chains 2 RMSD 0.257 A severe/close 0/0 status ok
step 4000 time 2 ps stage 50K_2ps temp 50.505 K PE -594434 TYR/VAL/SER 3.579/3.820/5.574 A chains 2 RMSD 0.257 A severe/close 0/0 status ok
Starting stage 100K_2ps: 100.0 K for 4000 steps
step 4100 time 2.05 ps stage 100K_2ps temp 71.424 K PE -586884 TYR/VAL/SER 3.509/3.755/5.572 A chains 2 RMSD 0.256 A severe/close 0/0 status ok
step 4200 time 2.1 ps stage 100K_2ps temp 82.017 K PE -581384 TYR/VAL/SER 3.643/3.707/5.476 A chains 2 RMSD 0.273 A severe/close 0/0 status ok
step 4300 time 2.15 ps stage 100K_2ps temp 88.400 K PE -577780 TYR/VAL/SER 3.684/3.628/5.375 A chains 2 RMSD 0.296 A severe/close 0/0 status ok
step 4400 time 2.2 ps stage 100K_2ps temp 92.471 K PE -575200 TYR/VAL/SER 3.515/3.701/5.295 A chains 2 RMSD 0.318 A severe/close 0/0 status ok
step 4500 time 2.25 ps stage 100K_2ps temp 95.442 K PE -573709 TYR/VAL/SER 3.522/3.627/5.172 A chains 2 RMSD 0.328 A severe/close 0/0 status ok
step 4600 time 2.3 ps stage 100K_2ps temp 97.043 K PE -572751 TYR/VAL/SER 3.527/3.664/5.146 A chains 2 RMSD 0.338 A severe/close 0/0 status ok
step 4700 time 2.35 ps stage 100K_2ps temp 98.841 K PE -572309 TYR/VAL/SER 3.730/3.498/5.171 A chains 2 RMSD 0.309 A severe/close 0/0 status ok
step 4800 time 2.4 ps stage 100K_2ps temp 98.779 K PE -571727 TYR/VAL/SER 3.488/3.450/5.006 A chains 2 RMSD 0.306 A severe/close 0/0 status ok
step 4900 time 2.45 ps stage 100K_2ps temp 99.343 K PE -571856 TYR/VAL/SER 3.500/3.530/5.000 A chains 2 RMSD 0.299 A severe/close 0/0 status ok
step 5000 time 2.5 ps stage 100K_2ps temp 99.636 K PE -571694 TYR/VAL/SER 3.530/3.458/5.180 A chains 2 RMSD 0.305 A severe/close 0/0 status ok
step 5100 time 2.55 ps stage 100K_2ps temp 100.542 K PE -571841 TYR/VAL/SER 3.637/3.543/5.326 A chains 2 RMSD 0.320 A severe/close 0/0 status ok
step 5200 time 2.6 ps stage 100K_2ps temp 99.938 K PE -571472 TYR/VAL/SER 3.627/3.610/5.291 A chains 2 RMSD 0.330 A severe/close 0/0 status ok
step 5300 time 2.65 ps stage 100K_2ps temp 99.861 K PE -571851 TYR/VAL/SER 3.460/3.591/5.387 A chains 2 RMSD 0.321 A severe/close 0/0 status ok
step 5400 time 2.7 ps stage 100K_2ps temp 99.662 K PE -571870 TYR/VAL/SER 3.463/3.605/5.444 A chains 2 RMSD 0.304 A severe/close 0/0 status ok
step 5500 time 2.75 ps stage 100K_2ps temp 100.300 K PE -571767 TYR/VAL/SER 3.479/3.608/5.363 A chains 2 RMSD 0.291 A severe/close 0/0 status ok
step 5600 time 2.8 ps stage 100K_2ps temp 100.030 K PE -571590 TYR/VAL/SER 3.723/3.569/5.125 A chains 2 RMSD 0.279 A severe/close 0/0 status ok
step 5700 time 2.85 ps stage 100K_2ps temp 100.427 K PE -571681 TYR/VAL/SER 3.654/3.501/5.053 A chains 2 RMSD 0.322 A severe/close 0/0 status ok
step 5800 time 2.9 ps stage 100K_2ps temp 100.425 K PE -571764 TYR/VAL/SER 3.665/3.628/5.181 A chains 2 RMSD 0.358 A severe/close 0/0 status ok
step 5900 time 2.95 ps stage 100K_2ps temp 100.618 K PE -571898 TYR/VAL/SER 3.716/3.718/5.350 A chains 2 RMSD 0.383 A severe/close 0/0 status ok
step 6000 time 3 ps stage 100K_2ps temp 100.557 K PE -572091 TYR/VAL/SER 3.682/3.537/5.419 A chains 2 RMSD 0.407 A severe/close 0/0 status ok
step 6100 time 3.05 ps stage 100K_2ps temp 100.022 K PE -572056 TYR/VAL/SER 3.661/3.592/5.409 A chains 2 RMSD 0.386 A severe/close 0/0 status ok
step 6200 time 3.1 ps stage 100K_2ps temp 100.339 K PE -571940 TYR/VAL/SER 3.719/3.609/5.283 A chains 2 RMSD 0.348 A severe/close 0/0 status ok
step 6300 time 3.15 ps stage 100K_2ps temp 100.022 K PE -572098 TYR/VAL/SER 3.655/3.487/5.224 A chains 2 RMSD 0.359 A severe/close 0/0 status ok
step 6400 time 3.2 ps stage 100K_2ps temp 100.284 K PE -572420 TYR/VAL/SER 3.433/3.690/5.276 A chains 2 RMSD 0.387 A severe/close 0/0 status ok
step 6500 time 3.25 ps stage 100K_2ps temp 100.958 K PE -572583 TYR/VAL/SER 3.448/3.764/5.382 A chains 2 RMSD 0.419 A severe/close 0/0 status ok
step 6600 time 3.3 ps stage 100K_2ps temp 99.939 K PE -572400 TYR/VAL/SER 3.611/3.712/5.269 A chains 2 RMSD 0.441 A severe/close 0/0 status ok
step 6700 time 3.35 ps stage 100K_2ps temp 99.729 K PE -572481 TYR/VAL/SER 3.481/3.625/5.176 A chains 2 RMSD 0.449 A severe/close 0/0 status ok
step 6800 time 3.4 ps stage 100K_2ps temp 99.962 K PE -572923 TYR/VAL/SER 3.461/3.641/5.308 A chains 2 RMSD 0.448 A severe/close 0/0 status ok
step 6900 time 3.45 ps stage 100K_2ps temp 99.244 K PE -572974 TYR/VAL/SER 3.558/3.728/5.553 A chains 2 RMSD 0.460 A severe/close 0/0 status ok
step 7000 time 3.5 ps stage 100K_2ps temp 99.213 K PE -573115 TYR/VAL/SER 3.467/3.672/5.556 A chains 2 RMSD 0.477 A severe/close 0/0 status ok
step 7100 time 3.55 ps stage 100K_2ps temp 100.099 K PE -572981 TYR/VAL/SER 3.485/3.726/5.606 A chains 2 RMSD 0.471 A severe/close 0/0 status ok
step 7200 time 3.6 ps stage 100K_2ps temp 99.923 K PE -572939 TYR/VAL/SER 3.676/3.725/5.599 A chains 2 RMSD 0.500 A severe/close 0/0 status ok
step 7300 time 3.65 ps stage 100K_2ps temp 100.166 K PE -573039 TYR/VAL/SER 3.537/3.711/5.415 A chains 2 RMSD 0.509 A severe/close 0/0 status ok
step 7400 time 3.7 ps stage 100K_2ps temp 100.360 K PE -573359 TYR/VAL/SER 3.524/3.599/5.301 A chains 2 RMSD 0.510 A severe/close 0/0 status ok
step 7500 time 3.75 ps stage 100K_2ps temp 99.905 K PE -573289 TYR/VAL/SER 3.582/3.496/5.167 A chains 2 RMSD 0.509 A severe/close 0/0 status ok
step 7600 time 3.8 ps stage 100K_2ps temp 99.961 K PE -573360 TYR/VAL/SER 3.778/3.599/5.215 A chains 2 RMSD 0.483 A severe/close 0/0 status ok
step 7700 time 3.85 ps stage 100K_2ps temp 100.116 K PE -573583 TYR/VAL/SER 3.575/3.713/5.486 A chains 2 RMSD 0.468 A severe/close 0/0 status ok
step 7800 time 3.9 ps stage 100K_2ps temp 99.475 K PE -572991 TYR/VAL/SER 3.419/3.836/5.574 A chains 2 RMSD 0.482 A severe/close 0/0 status ok
step 7900 time 3.95 ps stage 100K_2ps temp 100.204 K PE -573117 TYR/VAL/SER 3.496/3.833/5.704 A chains 2 RMSD 0.504 A severe/close 0/0 status ok
step 8000 time 4 ps stage 100K_2ps temp 100.702 K PE -573405 TYR/VAL/SER 3.550/3.809/5.655 A chains 2 RMSD 0.509 A severe/close 0/0 status ok
Starting stage 200K_2ps: 200.0 K for 4000 steps
step 8100 time 4.05 ps stage 200K_2ps temp 141.877 K PE -557996 TYR/VAL/SER 3.566/3.814/5.666 A chains 2 RMSD 0.482 A severe/close 0/0 status ok
step 8200 time 4.1 ps stage 200K_2ps temp 164.281 K PE -546562 TYR/VAL/SER 3.388/3.768/5.742 A chains 2 RMSD 0.456 A severe/close 0/0 status ok
step 8300 time 4.15 ps stage 200K_2ps temp 176.965 K PE -538720 TYR/VAL/SER 3.338/3.734/5.948 A chains 2 RMSD 0.498 A severe/close 0/0 status ok
step 8400 time 4.2 ps stage 200K_2ps temp 184.903 K PE -533187 TYR/VAL/SER 3.377/3.821/6.079 A chains 2 RMSD 0.573 A severe/close 0/0 status ok
step 8500 time 4.25 ps stage 200K_2ps temp 189.756 K PE -530077 TYR/VAL/SER 3.609/4.052/5.956 A chains 2 RMSD 0.628 A severe/close 0/0 status ok
step 8600 time 4.3 ps stage 200K_2ps temp 193.760 K PE -527730 TYR/VAL/SER 3.753/4.023/5.851 A chains 2 RMSD 0.683 A severe/close 0/0 status ok
step 8700 time 4.35 ps stage 200K_2ps temp 195.656 K PE -526135 TYR/VAL/SER 3.691/3.843/5.842 A chains 2 RMSD 0.703 A severe/close 0/0 status ok
step 8800 time 4.4 ps stage 200K_2ps temp 196.894 K PE -525100 TYR/VAL/SER 3.379/3.642/5.941 A chains 2 RMSD 0.702 A severe/close 0/0 status ok
step 8900 time 4.45 ps stage 200K_2ps temp 196.712 K PE -523978 TYR/VAL/SER 3.160/3.711/6.091 A chains 2 RMSD 0.707 A severe/close 0/0 status ok
step 9000 time 4.5 ps stage 200K_2ps temp 199.191 K PE -522708 TYR/VAL/SER 3.300/3.763/6.185 A chains 2 RMSD 0.711 A severe/close 0/0 status ok
step 9100 time 4.55 ps stage 200K_2ps temp 199.626 K PE -522674 TYR/VAL/SER 3.562/3.658/6.323 A chains 2 RMSD 0.739 A severe/close 0/0 status ok
step 9200 time 4.6 ps stage 200K_2ps temp 199.620 K PE -522355 TYR/VAL/SER 3.641/3.389/6.174 A chains 2 RMSD 0.727 A severe/close 0/0 status ok
step 9300 time 4.65 ps stage 200K_2ps temp 199.278 K PE -522185 TYR/VAL/SER 3.549/3.549/6.147 A chains 2 RMSD 0.716 A severe/close 0/0 status ok
step 9400 time 4.7 ps stage 200K_2ps temp 199.559 K PE -522155 TYR/VAL/SER 3.472/3.375/6.118 A chains 2 RMSD 0.694 A severe/close 0/0 status ok
step 9500 time 4.75 ps stage 200K_2ps temp 199.201 K PE -521323 TYR/VAL/SER 3.516/3.595/6.274 A chains 2 RMSD 0.705 A severe/close 0/0 status ok
step 9600 time 4.8 ps stage 200K_2ps temp 200.092 K PE -520738 TYR/VAL/SER 3.520/3.557/6.206 A chains 2 RMSD 0.685 A severe/close 0/0 status ok
step 9700 time 4.85 ps stage 200K_2ps temp 199.157 K PE -520846 TYR/VAL/SER 3.497/3.819/6.247 A chains 2 RMSD 0.699 A severe/close 0/0 status ok
step 9800 time 4.9 ps stage 200K_2ps temp 200.420 K PE -521489 TYR/VAL/SER 3.613/3.975/6.574 A chains 2 RMSD 0.718 A severe/close 0/0 status ok
step 9900 time 4.95 ps stage 200K_2ps temp 200.930 K PE -521627 TYR/VAL/SER 3.691/4.022/6.558 A chains 2 RMSD 0.720 A severe/close 0/0 status ok
step 10000 time 5 ps stage 200K_2ps temp 201.515 K PE -521569 TYR/VAL/SER 3.424/4.177/6.414 A chains 2 RMSD 0.715 A severe/close 0/0 status ok
step 10100 time 5.05 ps stage 200K_2ps temp 199.793 K PE -521539 TYR/VAL/SER 3.319/4.117/6.316 A chains 2 RMSD 0.742 A severe/close 0/0 status ok
step 10200 time 5.1 ps stage 200K_2ps temp 201.368 K PE -522346 TYR/VAL/SER 3.350/4.011/6.251 A chains 2 RMSD 0.759 A severe/close 0/0 status ok
step 10300 time 5.15 ps stage 200K_2ps temp 201.185 K PE -521697 TYR/VAL/SER 3.559/4.409/6.480 A chains 2 RMSD 0.778 A severe/close 0/0 status ok
step 10400 time 5.2 ps stage 200K_2ps temp 202.442 K PE -521271 TYR/VAL/SER 3.484/4.540/6.455 A chains 2 RMSD 0.761 A severe/close 0/0 status ok
step 10500 time 5.25 ps stage 200K_2ps temp 201.930 K PE -521269 TYR/VAL/SER 3.476/4.528/6.335 A chains 2 RMSD 0.786 A severe/close 0/0 status ok
step 10600 time 5.3 ps stage 200K_2ps temp 200.546 K PE -520864 TYR/VAL/SER 3.511/4.502/6.427 A chains 2 RMSD 0.848 A severe/close 0/0 status ok
step 10700 time 5.35 ps stage 200K_2ps temp 201.098 K PE -521295 TYR/VAL/SER 3.481/4.591/6.309 A chains 2 RMSD 0.861 A severe/close 0/0 status ok
step 10800 time 5.4 ps stage 200K_2ps temp 202.022 K PE -520935 TYR/VAL/SER 3.445/4.283/6.227 A chains 2 RMSD 0.885 A severe/close 0/0 status ok
step 10900 time 5.45 ps stage 200K_2ps temp 200.838 K PE -521371 TYR/VAL/SER 3.703/4.088/5.943 A chains 2 RMSD 0.889 A severe/close 0/0 status ok
step 11000 time 5.5 ps stage 200K_2ps temp 200.396 K PE -521653 TYR/VAL/SER 3.861/3.645/5.912 A chains 2 RMSD 0.896 A severe/close 0/0 status ok
step 11100 time 5.55 ps stage 200K_2ps temp 201.852 K PE -521394 TYR/VAL/SER 3.549/3.645/6.092 A chains 2 RMSD 0.917 A severe/close 0/0 status ok
step 11200 time 5.6 ps stage 200K_2ps temp 201.036 K PE -521390 TYR/VAL/SER 3.497/3.529/6.172 A chains 2 RMSD 0.935 A severe/close 0/0 status ok
step 11300 time 5.65 ps stage 200K_2ps temp 201.426 K PE -521467 TYR/VAL/SER 3.449/3.534/6.095 A chains 2 RMSD 0.947 A severe/close 0/0 status ok
step 11400 time 5.7 ps stage 200K_2ps temp 200.910 K PE -521240 TYR/VAL/SER 3.401/3.622/6.356 A chains 2 RMSD 0.935 A severe/close 0/0 status ok
step 11500 time 5.75 ps stage 200K_2ps temp 200.832 K PE -521120 TYR/VAL/SER 3.269/3.423/6.316 A chains 2 RMSD 0.947 A severe/close 0/0 status ok
step 11600 time 5.8 ps stage 200K_2ps temp 200.552 K PE -521052 TYR/VAL/SER 3.478/3.568/6.232 A chains 2 RMSD 0.970 A severe/close 0/0 status ok
step 11700 time 5.85 ps stage 200K_2ps temp 201.455 K PE -521286 TYR/VAL/SER 3.566/3.568/6.118 A chains 2 RMSD 1.025 A severe/close 0/0 status ok
step 11800 time 5.9 ps stage 200K_2ps temp 200.818 K PE -520913 TYR/VAL/SER 3.504/3.617/6.256 A chains 2 RMSD 1.011 A severe/close 0/0 status ok
step 11900 time 5.95 ps stage 200K_2ps temp 202.301 K PE -521577 TYR/VAL/SER 3.504/3.519/6.113 A chains 2 RMSD 0.982 A severe/close 0/0 status ok
step 12000 time 6 ps stage 200K_2ps temp 200.816 K PE -521592 TYR/VAL/SER 3.385/3.496/6.106 A chains 2 RMSD 0.978 A severe/close 0/0 status ok
Starting stage 310K_4ps: 310.0 K for 8000 steps
step 12100 time 6.05 ps stage 310K_4ps temp 246.618 K PE -504208 TYR/VAL/SER 3.480/3.433/6.016 A chains 2 RMSD 1.001 A severe/close 0/0 status ok
step 12200 time 6.1 ps stage 310K_4ps temp 271.433 K PE -490852 TYR/VAL/SER 3.681/3.763/6.468 A chains 2 RMSD 1.076 A severe/close 0/0 status ok
step 12300 time 6.15 ps stage 310K_4ps temp 284.469 K PE -481741 TYR/VAL/SER 3.674/3.514/6.399 A chains 2 RMSD 1.105 A severe/close 0/0 status ok
step 12400 time 6.2 ps stage 310K_4ps temp 292.374 K PE -474650 TYR/VAL/SER 3.750/3.775/6.429 A chains 2 RMSD 1.114 A severe/close 0/0 status ok
step 12500 time 6.25 ps stage 310K_4ps temp 297.822 K PE -469386 TYR/VAL/SER 3.738/3.744/6.598 A chains 2 RMSD 1.182 A severe/close 0/0 status ok
step 12600 time 6.3 ps stage 310K_4ps temp 302.374 K PE -466655 TYR/VAL/SER 3.636/3.929/6.452 A chains 2 RMSD 1.240 A severe/close 0/0 status ok
step 12700 time 6.35 ps stage 310K_4ps temp 303.593 K PE -465214 TYR/VAL/SER 3.723/3.970/6.384 A chains 2 RMSD 1.282 A severe/close 0/0 status ok
step 12800 time 6.4 ps stage 310K_4ps temp 302.667 K PE -463764 TYR/VAL/SER 3.569/3.804/6.378 A chains 2 RMSD 1.276 A severe/close 0/0 status ok
step 12900 time 6.45 ps stage 310K_4ps temp 304.743 K PE -462348 TYR/VAL/SER 3.730/3.860/6.346 A chains 2 RMSD 1.332 A severe/close 0/0 status ok
step 13000 time 6.5 ps stage 310K_4ps temp 305.477 K PE -460388 TYR/VAL/SER 3.742/3.982/6.351 A chains 2 RMSD 1.394 A severe/close 0/0 status ok
step 13100 time 6.55 ps stage 310K_4ps temp 305.936 K PE -458808 TYR/VAL/SER 3.894/4.011/6.368 A chains 2 RMSD 1.422 A severe/close 0/0 status ok
step 13200 time 6.6 ps stage 310K_4ps temp 305.909 K PE -457144 TYR/VAL/SER 3.659/4.417/6.597 A chains 2 RMSD 1.430 A severe/close 0/0 status ok
step 13300 time 6.65 ps stage 310K_4ps temp 306.228 K PE -455952 TYR/VAL/SER 3.753/4.213/6.423 A chains 2 RMSD 1.410 A severe/close 0/0 status ok
step 13400 time 6.7 ps stage 310K_4ps temp 307.558 K PE -455683 TYR/VAL/SER 3.761/4.147/6.058 A chains 2 RMSD 1.354 A severe/close 0/0 status ok
step 13500 time 6.75 ps stage 310K_4ps temp 309.771 K PE -454663 TYR/VAL/SER 3.882/4.020/5.837 A chains 2 RMSD 1.286 A severe/close 0/0 status ok
step 13600 time 6.8 ps stage 310K_4ps temp 308.627 K PE -453807 TYR/VAL/SER 3.953/3.924/5.846 A chains 2 RMSD 1.244 A severe/close 0/0 status ok
step 13700 time 6.85 ps stage 310K_4ps temp 309.827 K PE -452253 TYR/VAL/SER 3.898/3.715/5.648 A chains 2 RMSD 1.200 A severe/close 0/0 status ok
step 13800 time 6.9 ps stage 310K_4ps temp 311.126 K PE -451470 TYR/VAL/SER 3.962/3.673/5.620 A chains 2 RMSD 1.192 A severe/close 0/0 status ok
step 13900 time 6.95 ps stage 310K_4ps temp 310.330 K PE -452261 TYR/VAL/SER 4.032/3.807/5.655 A chains 2 RMSD 1.199 A severe/close 0/0 status ok
step 14000 time 7 ps stage 310K_4ps temp 311.670 K PE -450754 TYR/VAL/SER 3.833/3.986/5.815 A chains 2 RMSD 1.183 A severe/close 0/0 status ok
step 14100 time 7.05 ps stage 310K_4ps temp 310.338 K PE -450698 TYR/VAL/SER 3.821/3.862/6.031 A chains 2 RMSD 1.187 A severe/close 0/0 status ok
step 14200 time 7.1 ps stage 310K_4ps temp 309.203 K PE -450735 TYR/VAL/SER 3.900/4.081/6.370 A chains 2 RMSD 1.189 A severe/close 0/0 status ok
step 14300 time 7.15 ps stage 310K_4ps temp 309.435 K PE -450239 TYR/VAL/SER 3.773/4.107/6.463 A chains 2 RMSD 1.215 A severe/close 0/0 status ok
step 14400 time 7.2 ps stage 310K_4ps temp 309.689 K PE -449051 TYR/VAL/SER 3.820/4.240/6.394 A chains 2 RMSD 1.263 A severe/close 0/0 status ok
step 14500 time 7.25 ps stage 310K_4ps temp 310.665 K PE -448988 TYR/VAL/SER 3.836/4.239/6.565 A chains 2 RMSD 1.264 A severe/close 0/0 status ok
step 14600 time 7.3 ps stage 310K_4ps temp 311.455 K PE -449242 TYR/VAL/SER 3.523/4.220/6.681 A chains 2 RMSD 1.250 A severe/close 0/0 status ok
step 14700 time 7.35 ps stage 310K_4ps temp 308.993 K PE -448650 TYR/VAL/SER 3.559/4.078/6.735 A chains 2 RMSD 1.206 A severe/close 0/0 status ok
step 14800 time 7.4 ps stage 310K_4ps temp 309.478 K PE -448101 TYR/VAL/SER 3.545/3.927/6.589 A chains 2 RMSD 1.178 A severe/close 0/0 status ok
step 14900 time 7.45 ps stage 310K_4ps temp 310.238 K PE -448437 TYR/VAL/SER 3.902/3.701/6.575 A chains 2 RMSD 1.174 A severe/close 0/0 status ok
step 15000 time 7.5 ps stage 310K_4ps temp 310.116 K PE -448654 TYR/VAL/SER 3.896/3.797/6.500 A chains 2 RMSD 1.173 A severe/close 0/0 status ok
step 15100 time 7.55 ps stage 310K_4ps temp 309.560 K PE -448315 TYR/VAL/SER 3.860/3.656/6.455 A chains 2 RMSD 1.171 A severe/close 0/0 status ok
step 15200 time 7.6 ps stage 310K_4ps temp 311.560 K PE -448962 TYR/VAL/SER 3.671/3.765/6.385 A chains 2 RMSD 1.162 A severe/close 0/0 status ok
step 15300 time 7.65 ps stage 310K_4ps temp 308.854 K PE -447350 TYR/VAL/SER 3.620/3.775/6.218 A chains 2 RMSD 1.195 A severe/close 0/0 status ok
step 15400 time 7.7 ps stage 310K_4ps temp 309.418 K PE -447742 TYR/VAL/SER 3.889/3.848/6.043 A chains 2 RMSD 1.230 A severe/close 0/0 status ok
step 15500 time 7.75 ps stage 310K_4ps temp 308.604 K PE -447339 TYR/VAL/SER 3.766/3.732/5.730 A chains 2 RMSD 1.250 A severe/close 0/0 status ok
step 15600 time 7.8 ps stage 310K_4ps temp 309.672 K PE -446910 TYR/VAL/SER 3.605/3.784/5.837 A chains 2 RMSD 1.288 A severe/close 0/0 status ok
step 15700 time 7.85 ps stage 310K_4ps temp 310.712 K PE -446791 TYR/VAL/SER 3.556/3.951/6.330 A chains 2 RMSD 1.374 A severe/close 0/0 status ok
step 15800 time 7.9 ps stage 310K_4ps temp 308.483 K PE -446410 TYR/VAL/SER 3.646/3.794/6.496 A chains 2 RMSD 1.389 A severe/close 0/0 status ok
step 15900 time 7.95 ps stage 310K_4ps temp 308.065 K PE -446002 TYR/VAL/SER 3.595/3.971/6.474 A chains 2 RMSD 1.373 A severe/close 0/0 status ok
step 16000 time 8 ps stage 310K_4ps temp 310.213 K PE -447001 TYR/VAL/SER 3.032/3.802/6.302 A chains 2 RMSD 1.369 A severe/close 0/0 status ok
step 16100 time 8.05 ps stage 310K_4ps temp 310.640 K PE -447121 TYR/VAL/SER 3.206/3.970/5.979 A chains 2 RMSD 1.379 A severe/close 0/0 status ok
step 16200 time 8.1 ps stage 310K_4ps temp 309.445 K PE -446678 TYR/VAL/SER 3.326/4.201/5.779 A chains 2 RMSD 1.370 A severe/close 0/0 status ok
step 16300 time 8.15 ps stage 310K_4ps temp 309.510 K PE -446197 TYR/VAL/SER 3.740/4.217/5.882 A chains 2 RMSD 1.334 A severe/close 0/0 status ok
step 16400 time 8.2 ps stage 310K_4ps temp 310.358 K PE -446589 TYR/VAL/SER 3.719/4.107/6.118 A chains 2 RMSD 1.290 A severe/close 0/0 status ok
step 16500 time 8.25 ps stage 310K_4ps temp 307.412 K PE -445984 TYR/VAL/SER 3.999/4.152/5.951 A chains 2 RMSD 1.255 A severe/close 0/0 status ok
step 16600 time 8.3 ps stage 310K_4ps temp 311.285 K PE -446847 TYR/VAL/SER 4.219/4.392/6.042 A chains 2 RMSD 1.245 A severe/close 0/0 status ok
step 16700 time 8.35 ps stage 310K_4ps temp 308.734 K PE -445723 TYR/VAL/SER 4.227/4.085/6.263 A chains 2 RMSD 1.224 A severe/close 0/0 status ok
step 16800 time 8.4 ps stage 310K_4ps temp 309.845 K PE -445788 TYR/VAL/SER 3.906/3.983/6.285 A chains 2 RMSD 1.181 A severe/close 0/0 status ok
step 16900 time 8.45 ps stage 310K_4ps temp 309.988 K PE -445271 TYR/VAL/SER 3.630/3.911/6.468 A chains 2 RMSD 1.164 A severe/close 0/0 status ok
step 17000 time 8.5 ps stage 310K_4ps temp 310.752 K PE -444989 TYR/VAL/SER 3.603/3.844/6.459 A chains 2 RMSD 1.176 A severe/close 0/0 status ok
step 17100 time 8.55 ps stage 310K_4ps temp 309.066 K PE -444737 TYR/VAL/SER 3.600/3.651/6.176 A chains 2 RMSD 1.126 A severe/close 0/0 status ok
step 17200 time 8.6 ps stage 310K_4ps temp 309.206 K PE -444377 TYR/VAL/SER 3.569/3.564/6.089 A chains 2 RMSD 1.029 A severe/close 0/0 status ok
step 17300 time 8.65 ps stage 310K_4ps temp 310.097 K PE -443753 TYR/VAL/SER 3.520/3.931/5.972 A chains 2 RMSD 0.992 A severe/close 0/0 status ok
step 17400 time 8.7 ps stage 310K_4ps temp 311.719 K PE -445358 TYR/VAL/SER 3.663/4.122/6.388 A chains 2 RMSD 0.971 A severe/close 0/0 status ok
step 17500 time 8.75 ps stage 310K_4ps temp 310.353 K PE -445492 TYR/VAL/SER 3.516/4.073/6.462 A chains 2 RMSD 0.942 A severe/close 0/0 status ok
step 17600 time 8.8 ps stage 310K_4ps temp 309.352 K PE -444949 TYR/VAL/SER 3.568/4.148/6.335 A chains 2 RMSD 0.983 A severe/close 0/0 status ok
step 17700 time 8.85 ps stage 310K_4ps temp 309.278 K PE -444798 TYR/VAL/SER 3.551/4.064/5.946 A chains 2 RMSD 1.024 A severe/close 0/0 status ok
step 17800 time 8.9 ps stage 310K_4ps temp 309.328 K PE -444521 TYR/VAL/SER 3.513/4.024/5.781 A chains 2 RMSD 1.066 A severe/close 0/0 status ok
step 17900 time 8.95 ps stage 310K_4ps temp 310.117 K PE -444369 TYR/VAL/SER 3.492/3.971/5.724 A chains 2 RMSD 1.041 A severe/close 0/0 status ok
step 18000 time 9 ps stage 310K_4ps temp 308.722 K PE -443798 TYR/VAL/SER 3.820/3.958/5.701 A chains 2 RMSD 1.050 A severe/close 0/0 status ok
step 18100 time 9.05 ps stage 310K_4ps temp 312.296 K PE -443897 TYR/VAL/SER 3.607/3.808/5.813 A chains 2 RMSD 1.114 A severe/close 0/0 status ok
step 18200 time 9.1 ps stage 310K_4ps temp 310.454 K PE -444086 TYR/VAL/SER 3.773/3.912/6.296 A chains 2 RMSD 1.152 A severe/close 0/0 status ok
step 18300 time 9.15 ps stage 310K_4ps temp 311.235 K PE -444669 TYR/VAL/SER 3.695/3.725/6.153 A chains 2 RMSD 1.117 A severe/close 0/0 status ok
step 18400 time 9.2 ps stage 310K_4ps temp 311.438 K PE -444521 TYR/VAL/SER 3.644/3.918/6.088 A chains 2 RMSD 1.032 A severe/close 0/0 status ok
step 18500 time 9.25 ps stage 310K_4ps temp 310.376 K PE -444301 TYR/VAL/SER 3.773/4.004/6.312 A chains 2 RMSD 1.028 A severe/close 0/0 status ok
step 18600 time 9.3 ps stage 310K_4ps temp 313.042 K PE -444639 TYR/VAL/SER 3.913/4.034/6.718 A chains 2 RMSD 1.068 A severe/close 0/0 status ok
step 18700 time 9.35 ps stage 310K_4ps temp 309.930 K PE -444239 TYR/VAL/SER 3.824/4.236/6.766 A chains 2 RMSD 1.093 A severe/close 0/0 status ok
step 18800 time 9.4 ps stage 310K_4ps temp 309.741 K PE -443747 TYR/VAL/SER 3.722/4.569/6.814 A chains 2 RMSD 1.108 A severe/close 0/0 status ok
step 18900 time 9.45 ps stage 310K_4ps temp 309.102 K PE -444489 TYR/VAL/SER 3.724/4.786/6.847 A chains 2 RMSD 1.121 A severe/close 0/0 status ok
step 19000 time 9.5 ps stage 310K_4ps temp 309.016 K PE -445358 TYR/VAL/SER 3.791/4.867/6.990 A chains 2 RMSD 1.153 A severe/close 0/0 status ok
step 19100 time 9.55 ps stage 310K_4ps temp 310.445 K PE -445362 TYR/VAL/SER 3.817/4.753/6.954 A chains 2 RMSD 1.166 A severe/close 0/0 status ok
step 19200 time 9.6 ps stage 310K_4ps temp 309.430 K PE -444719 TYR/VAL/SER 3.864/4.315/6.606 A chains 2 RMSD 1.171 A severe/close 0/0 status ok
step 19300 time 9.65 ps stage 310K_4ps temp 309.020 K PE -443943 TYR/VAL/SER 3.930/4.538/6.547 A chains 2 RMSD 1.166 A severe/close 0/0 status ok
step 19400 time 9.7 ps stage 310K_4ps temp 310.168 K PE -445380 TYR/VAL/SER 3.815/4.438/6.786 A chains 2 RMSD 1.151 A severe/close 0/0 status ok
step 19500 time 9.75 ps stage 310K_4ps temp 309.869 K PE -445751 TYR/VAL/SER 3.832/4.449/7.150 A chains 2 RMSD 1.185 A severe/close 0/0 status ok
step 19600 time 9.8 ps stage 310K_4ps temp 307.862 K PE -444853 TYR/VAL/SER 3.929/4.663/7.040 A chains 2 RMSD 1.206 A severe/close 0/0 status ok
step 19700 time 9.85 ps stage 310K_4ps temp 308.752 K PE -444456 TYR/VAL/SER 4.132/4.579/6.732 A chains 2 RMSD 1.180 A severe/close 0/0 status ok
step 19800 time 9.9 ps stage 310K_4ps temp 309.370 K PE -444195 TYR/VAL/SER 4.059/4.804/6.251 A chains 2 RMSD 1.171 A severe/close 0/0 status ok
step 19900 time 9.95 ps stage 310K_4ps temp 309.373 K PE -444391 TYR/VAL/SER 3.953/4.827/6.572 A chains 2 RMSD 1.188 A severe/close 0/0 status ok
step 20000 time 10 ps stage 310K_4ps temp 309.543 K PE -444189 TYR/VAL/SER 3.782/4.808/6.655 A chains 2 RMSD 1.220 A severe/close 0/0 status ok

Terminal summary
completed 10 ps: YES
final temperature: 309.543
final potential energy: -444189.053735
NaN: NO
ligand final min distance to TYR13/VAL17/SER20: 3.78204/4.80769/6.65544
ligand final near chains count: 2
ligand final RMSD: 1.21958
max ligand RMSD: 1.42974
final severe/close contacts: 0/0
recommend next 50 ps 40chol restrained MD: YES
summary report: C:\TRKB_WP2\ligand_bound_MD\pilot_build\14.2_40chol\short_md_R2\reports\short_md_40chol_R2_summary.md
