CHARMM General Force Field (CGenFF) program version 4.0
released June 2024
Copyright (C) 2020 SilcBio LLC
and University of Maryland, School of Pharmacy. All Rights Reserved.

Licensed to:
academic user
academicnuniversity

License expires: Thu Dec 31 00:00:00 2026

readprm warning: IMPROPER parameter not in canonical format
CG2R64 NG2R62 CG2RC0 NG2S3     40.00  0     0.00 !A base, adm

readpar warning: DIHEDRAL parameters not sorted
readpar warning: IMPROPER parameters not sorted
readpar debug: read 1305 bonds, 6776 angles, 29044 dihedrals, 487 impropers
               and 1034333 characters worth of comments.
readmol2 warning: renaming non-unique atom C to C1 .
readmol2 warning: renaming non-unique atom C to C2 .
readmol2 warning: renaming non-unique atom C to C3 .
readmol2 warning: renaming non-unique atom C to C4 .
readmol2 warning: renaming non-unique atom C to C5 .
readmol2 warning: renaming non-unique atom C to C6 .
readmol2 warning: renaming non-unique atom C to C7 .
readmol2 warning: renaming non-unique atom C to C8 .
readmol2 warning: renaming non-unique atom C to C9 .
readmol2 warning: renaming non-unique atom C to C10 .
readmol2 warning: renaming non-unique atom C to C11 .
readmol2 warning: renaming non-unique atom C to C12 .
readmol2 warning: renaming non-unique atom C to C13 .
readmol2 warning: renaming non-unique atom C to C14 .
readmol2 warning: renaming non-unique atom C to C15 .
readmol2 warning: renaming non-unique atom C to C16 .
readmol2 warning: renaming non-unique atom C to C17 .
readmol2 warning: renaming non-unique atom C to C18 .
readmol2 warning: renaming non-unique atom C to C19 .
readmol2 warning: renaming non-unique atom H to H1 .
readmol2 warning: renaming non-unique atom H to H2 .
readmol2 warning: renaming non-unique atom H to H3 .
readmol2 warning: renaming non-unique atom H to H4 .
readmol2 warning: renaming non-unique atom H to H5 .
readmol2 warning: renaming non-unique atom H to H6 .
readmol2 warning: renaming non-unique atom H to H7 .
readmol2 warning: renaming non-unique atom H to H8 .
readmol2 warning: renaming non-unique atom H to H9 .
readmol2 warning: renaming non-unique atom H to H10 .
readmol2 warning: renaming non-unique atom H to H11 .
readmol2 warning: renaming non-unique atom H to H12 .
readmol2 warning: renaming non-unique atom H to H13 .
readmol2 warning: renaming non-unique atom H to H14 .
readmol2 warning: renaming non-unique atom H to H15 .
readmol2 warning: renaming non-unique atom H to H16 .
readmol2 warning: renaming non-unique atom H to H17 .
readmol2 warning: renaming non-unique atom H to H18 .
readmol2 warning: renaming non-unique atom H to H19 .
readmol2 warning: renaming non-unique atom H to H20 .
readmol2 warning: renaming non-unique atom H to H21 .
readmol2 warning: renaming non-unique atom H to H22 .
readmol2 warning: renaming non-unique atom H to H23 .
readmol2 warning: renaming non-unique atom H to H24 .
readmol2 warning: renaming non-unique atom H to H25 .
readmol2 warning: renaming non-unique atom H to H26 .
readmol2 warning: renaming non-unique atom H to H27 .
Now processing molecule L002 ...
ringper debug: stored 6-membered ring in stage 1.
ringper debug: applied 4-membered ring in stage 1.
ringper debug: stored 6-membered ring in stage 1.
resonance debug: found perfect resonance chain with
charge 0 ( 0 positive and 0 negative centers) and 0 potential aromatic rings
paranalogy debug: finding analogy for dihedral CG2R61 CG2R61 CG301 NG311
paranalogy debug: "smart algorithm" found no matching parameters;
switching to "exhaustive algorithm"
paranalogy debug: finding analogy for dihedral CG2R61 CG2R61 CG301 CG2O5
paranalogy debug: finding analogy for dihedral CG2R61 CG301 NG311 CG3C41
paranalogy debug: "smart algorithm" found no matching parameters;
switching to "exhaustive algorithm"
paranalogy debug: finding analogy for dihedral CG2R61 CG301 NG311 HGPAM1
paranalogy debug: finding analogy for dihedral CG321 CG301 NG311 CG3C41
paranalogy debug: finding analogy for dihedral CG2O5 CG301 NG311 CG3C41
paranalogy debug: "smart algorithm" found no matching parameters;
switching to "exhaustive algorithm"
paranalogy debug: finding analogy for dihedral CG2O5 CG301 NG311 HGPAM1
paranalogy debug: finding analogy for dihedral CG301 NG311 CG3C41 CG3C41
paranalogy debug: finding analogy for dihedral CG301 NG311 CG3C41 HGA1
paranalogy debug: finding analogy for dihedral HGPAM1 NG311 CG3C41 HGA1
paranalogy debug: finding analogy for dihedral CG331 CG311 CG2O5 CG301
paranalogy debug: finding analogy for dihedral CG311 CG2O5 CG301 CG2R61
paranalogy debug: finding analogy for dihedral CG311 CG2O5 CG301 NG311
paranalogy debug: finding analogy for dihedral OG2D3 CG2O5 CG301 CG2R61
paranalogy debug: finding analogy for dihedral OG2D3 CG2O5 CG301 NG311
paranalogy debug: finding analogy for NG311 CG301 CG2R61
paranalogy debug: finding analogy for CG2O5 CG301 CG2R61
paranalogy debug: finding analogy for CG2O5 CG301 NG311
paranalogy debug: finding analogy for CG3C41 NG311 CG301
paranalogy debug: finding analogy for HGA1 CG3C41 NG311
paranalogy debug: finding analogy for dihedral CG2R61 CG2R61 CG301 NG311
paranalogy debug: "smart algorithm" found no matching parameters;
switching to "exhaustive algorithm"
paranalogy debug: finding analogy for dihedral CG2R61 CG2R61 CG301 CG2O5
paranalogy debug: "smart algorithm" found no matching parameters;
switching to "exhaustive algorithm"
paranalogy debug: finding analogy for dihedral CG2R61 CG2R61 CG301 NG311
paranalogy debug: "smart algorithm" found no matching parameters;
switching to "exhaustive algorithm"
paranalogy debug: finding analogy for dihedral CG2R61 CG2R61 CG301 CG2O5
paranalogy debug: "smart algorithm" found no matching parameters;
switching to "exhaustive algorithm"
paranalogy debug: finding analogy for dihedral CG2R61 CG301 NG311 CG3C41
paranalogy debug: "smart algorithm" found no matching parameters;
switching to "exhaustive algorithm"
paranalogy debug: finding analogy for dihedral CG2R61 CG301 NG311 HGPAM1
paranalogy debug: finding analogy for dihedral CG321 CG301 NG311 CG3C41
paranalogy debug: finding analogy for dihedral CG2O5 CG301 NG311 CG3C41
paranalogy debug: "smart algorithm" found no matching parameters;
switching to "exhaustive algorithm"
paranalogy debug: finding analogy for dihedral CG2O5 CG301 NG311 HGPAM1
paranalogy debug: finding analogy for dihedral CG301 NG311 CG3C41 CG3C41
paranalogy debug: finding analogy for dihedral CG301 NG311 CG3C41 CG3C41
paranalogy debug: finding analogy for dihedral CG301 NG311 CG3C41 HGA1
paranalogy debug: finding analogy for dihedral HGPAM1 NG311 CG3C41 HGA1
paranalogy debug: finding analogy for dihedral CG331 CG311 CG2O5 CG301
paranalogy debug: finding analogy for dihedral CG311 CG2O5 CG301 CG2R61
paranalogy debug: finding analogy for dihedral CG311 CG2O5 CG301 NG311
paranalogy debug: "smart algorithm" found no matching parameters;
switching to "exhaustive algorithm"
paranalogy debug: finding analogy for dihedral OG2D3 CG2O5 CG301 CG2R61
paranalogy debug: finding analogy for dihedral OG2D3 CG2O5 CG301 NG311
paranalogy debug: finding analogy for NG311 CG301 CG2R61
paranalogy debug: finding analogy for CG2O5 CG301 CG2R61
paranalogy debug: finding analogy for CG2O5 CG301 NG311
paranalogy debug: finding analogy for CG3C41 NG311 CG301
paranalogy debug: finding analogy for HGA1 CG3C41 NG311
